Performing C SOURCE FILE Test CMAKE_HAVE_LIBC_PTHREAD failed with the following output:
Change Dir: /root/darknet/CMakeFiles/CMakeTmp

Run Build Command(s):/usr/bin/gmake -f Makefile cmTC_a4b74/fast && /usr/bin/gmake  -f CMakeFiles/cmTC_a4b74.dir/build.make CMakeFiles/cmTC_a4b74.dir/build
gmake[1]: Entering directory '/root/darknet/CMakeFiles/CMakeTmp'
Building C object CMakeFiles/cmTC_a4b74.dir/src.c.o
/usr/bin/cc -DCMAKE_HAVE_LIBC_PTHREAD   -o CMakeFiles/cmTC_a4b74.dir/src.c.o -c /root/darknet/CMakeFiles/CMakeTmp/src.c
Linking C executable cmTC_a4b74
/usr/local/bin/cmake -E cmake_link_script CMakeFiles/cmTC_a4b74.dir/link.txt --verbose=1
/usr/bin/cc CMakeFiles/cmTC_a4b74.dir/src.c.o -o cmTC_a4b74 
CMakeFiles/cmTC_a4b74.dir/src.c.o: In function `main':
src.c:(.text+0x2d): undefined reference to `pthread_create'
src.c:(.text+0x39): undefined reference to `pthread_detach'
src.c:(.text+0x45): undefined reference to `pthread_cancel'
src.c:(.text+0x56): undefined reference to `pthread_join'
collect2: error: ld returned 1 exit status
gmake[1]: *** [CMakeFiles/cmTC_a4b74.dir/build.make:99: cmTC_a4b74] Error 1
gmake[1]: Leaving directory '/root/darknet/CMakeFiles/CMakeTmp'
gmake: *** [Makefile:127: cmTC_a4b74/fast] Error 2


Source file was:
#include <pthread.h>

static void* test_func(void* data)
{
  return data;
}

int main(void)
{
  pthread_t thread;
  pthread_create(&thread, NULL, test_func, NULL);
  pthread_detach(thread);
  pthread_cancel(thread);
  pthread_join(thread, NULL);
  pthread_atfork(NULL, NULL, NULL);
  pthread_exit(NULL);

  return 0;
}

Determining if the function pthread_create exists in the pthreads failed with the following output:
Change Dir: /root/darknet/CMakeFiles/CMakeTmp

Run Build Command(s):/usr/bin/gmake -f Makefile cmTC_e9922/fast && /usr/bin/gmake  -f CMakeFiles/cmTC_e9922.dir/build.make CMakeFiles/cmTC_e9922.dir/build
gmake[1]: Entering directory '/root/darknet/CMakeFiles/CMakeTmp'
Building C object CMakeFiles/cmTC_e9922.dir/CheckFunctionExists.c.o
/usr/bin/cc   -DCHECK_FUNCTION_EXISTS=pthread_create -o CMakeFiles/cmTC_e9922.dir/CheckFunctionExists.c.o -c /usr/local/share/cmake-3.20/Modules/CheckFunctionExists.c
Linking C executable cmTC_e9922
/usr/local/bin/cmake -E cmake_link_script CMakeFiles/cmTC_e9922.dir/link.txt --verbose=1
/usr/bin/cc  -DCHECK_FUNCTION_EXISTS=pthread_create CMakeFiles/cmTC_e9922.dir/CheckFunctionExists.c.o -o cmTC_e9922  -lpthreads 
/usr/bin/ld: cannot find -lpthreads
collect2: error: ld returned 1 exit status
gmake[1]: *** [CMakeFiles/cmTC_e9922.dir/build.make:99: cmTC_e9922] Error 1
gmake[1]: Leaving directory '/root/darknet/CMakeFiles/CMakeTmp'
gmake: *** [Makefile:127: cmTC_e9922/fast] Error 2



